<?xml version="1.0" encoding="UTF-8" standalone="no"?>
<testsuite errors="0" failures="0" name="io.cucumber.core.plugin.JUnitFormatter" skipped="0" tests="3" time="52.377">
    <testcase classname="MeetSky logout feature." name="User enters valid credentials contains at least 2, at most 15 characters." time="19.116">
        <system-out>
            <![CDATA[Given user is on the login page of MeetSky application......................passed
When user enters below "Employee21" and "Employee123".......................passed
And user clicks Log in button...............................................passed
Then user should see the dashboard page.....................................passed
]]>
        </system-out>
    </testcase>
    <testcase classname="MeetSky logout feature." name="User can log out and ends up in login page." time="16.539">
        <system-out>
            <![CDATA[Given user is on the dashboard page.........................................passed
When user clicks the profile button as shown with letter E..................passed
And user clicks the Log out button from the dropdown menu...................passed
Then user should see the login page.........................................passed
]]>
        </system-out>
    </testcase>
    <testcase classname="MeetSky logout feature." name="User can not go to home page again by clicking step back button after successfully logged out." time="16.263">
        <system-out>
            <![CDATA[Given user is on the dashboard page.........................................passed
When user clicks the profile button as shown with letter E..................passed
And user clicks the Log out button from the dropdown menu...................passed
And from the login page user clicks the step back button....................passed
Then user should not see the dashboard page again...........................passed
]]>
        </system-out>
    </testcase>
</testsuite>
