<?xml version="1.0" encoding="UTF-8" standalone="no"?>
<testsuite errors="0" failures="0" name="io.cucumber.core.plugin.JUnitFormatter" skipped="0" tests="1" time="32.049">
    <testcase classname="MeetSky login feature" name="User can copy more than one folder to a folder" time="31.333">
        <system-out>
            <![CDATA[Given the user is on the login page.........................................passed
And the user enters the correct credentials.................................passed
Given user is on the Files module of MeetSky application, and dashboard page does not have any file..passed
When user clicks the plus icon top left of the page.........................passed
And user clicks the New Folder section from the dropdown menu...............passed
And user enters a folder name and clicks enter..............................passed
And user clicks the plus icon top left of the page..........................passed
And user clicks the New Folder section from the dropdown menu...............passed
And user enters another folder name and clicks enter........................passed
And user turns back to the dashboard........................................passed
And user clicks the plus icon top left of the page..........................passed
And user clicks the New Folder section from the dropdown menu...............passed
And user enters a different folder name and clicks enter....................passed
And user turns back to the dashboard........................................passed
And user refreshes the page.................................................passed
And user selects the checkbox near to that folders..........................passed
And user clicks the Actions dropdown menu...................................passed
And user selects Move or Copy file option...................................passed
And user sees the new page..................................................passed
And user clicks the folder..................................................passed
And user selects copy option................................................passed
And user opens the folder...................................................passed
Then user see that newly created folders are there..........................passed
]]>
        </system-out>
    </testcase>
</testsuite>
